2020-12-01 20:42:40,076 - INFO - started job 0
2020-12-01 20:42:40,077 - INFO - started task 0_M0 of job 0 on worker 1
2020-12-01 20:42:40,078 - INFO - started task 0_M1 of job 0 on worker 2
2020-12-01 20:42:40,881 - INFO - started job 1
2020-12-01 20:42:40,881 - INFO - started task 1_M0 of job 1 on worker 3
2020-12-01 20:42:42,118 - INFO - started job 2
2020-12-01 20:42:42,119 - INFO - started task 2_M0 of job 2 on worker 1
2020-12-01 20:42:42,119 - INFO - started task 2_M1 of job 2 on worker 2
2020-12-01 20:42:42,120 - INFO - started task 2_M2 of job 2 on worker 3
2020-12-01 20:42:42,123 - INFO - started task 2_M3 of job 2 on worker 1
2020-12-01 20:42:42,240 - INFO - task 0_M0 of job 0 on worker 1 has finished executing
2020-12-01 20:42:42,465 - INFO - started job 3
2020-12-01 20:42:42,466 - INFO - started task 3_M0 of job 3 on worker 2
2020-12-01 20:42:42,854 - INFO - task 3_M0 of job 3 on worker 2 has finished executing
2020-12-01 20:42:42,855 - INFO - started task 3_R0 of job 3 on worker 1
2020-12-01 20:42:43,189 - INFO - started job 4
2020-12-01 20:42:43,190 - INFO - started task 4_M0 of job 4 on worker 3
2020-12-01 20:42:43,242 - INFO - task 2_M3 of job 2 on worker 1 has finished executing
2020-12-01 20:42:43,318 - INFO - task 1_M0 of job 1 on worker 3 has finished executing
2020-12-01 20:42:43,318 - INFO - started task 1_R0 of job 1 on worker 2
2020-12-01 20:42:43,318 - INFO - started task 1_R1 of job 1 on worker 3
2020-12-01 20:42:43,318 - INFO - task 2_M2 of job 2 on worker 3 has finished executing
2020-12-01 20:42:43,856 - INFO - task 0_M1 of job 0 on worker 2 has finished executing
2020-12-01 20:42:43,856 - INFO - started task 0_R0 of job 0 on worker 1
2020-12-01 20:42:43,856 - INFO - task 2_M1 of job 2 on worker 2 has finished executing
2020-12-01 20:42:44,245 - INFO - task 0_R0 of job 0 on worker 1 has finished executing
2020-12-01 20:42:44,857 - INFO - task 1_R0 of job 1 on worker 2 has finished executing
2020-12-01 20:42:45,247 - INFO - task 2_M0 of job 2 on worker 1 has finished executing
2020-12-01 20:42:45,247 - INFO - started task 2_R0 of job 2 on worker 2
2020-12-01 20:42:45,247 - INFO - started task 2_R1 of job 2 on worker 3
2020-12-01 20:42:45,248 - INFO - task 3_R0 of job 3 on worker 1 has finished executing
2020-12-01 20:42:45,321 - INFO - task 1_R1 of job 1 on worker 3 has finished executing
2020-12-01 20:42:45,321 - INFO - task 2_R1 of job 2 on worker 3 has finished executing
2020-12-01 20:42:45,430 - INFO - started job 5
2020-12-01 20:42:45,431 - INFO - started task 5_M0 of job 5 on worker 1
2020-12-01 20:42:45,431 - INFO - started task 5_M1 of job 5 on worker 2
2020-12-01 20:42:45,431 - INFO - started task 5_M2 of job 5 on worker 3
2020-12-01 20:42:45,431 - INFO - started task 5_M3 of job 5 on worker 1
2020-12-01 20:42:46,251 - INFO - task 5_M3 of job 5 on worker 1 has finished executing
2020-12-01 20:42:46,325 - INFO - task 4_M0 of job 4 on worker 3 has finished executing
2020-12-01 20:42:46,325 - INFO - started task 4_R0 of job 4 on worker 1
2020-12-01 20:42:46,331 - INFO - started task 4_R1 of job 4 on worker 2
2020-12-01 20:42:46,331 - INFO - task 5_M2 of job 5 on worker 3 has finished executing
2020-12-01 20:42:47,252 - INFO - task 5_M0 of job 5 on worker 1 has finished executing
2020-12-01 20:42:47,700 - INFO - started job 6
2020-12-01 20:42:47,701 - INFO - started task 6_M0 of job 6 on worker 2
2020-12-01 20:42:47,701 - INFO - started task 6_M1 of job 6 on worker 3
2020-12-01 20:42:47,844 - INFO - started job 7
2020-12-01 20:42:47,845 - INFO - started task 7_M0 of job 7 on worker 1
2020-12-01 20:42:47,845 - INFO - started task 7_M1 of job 7 on worker 2
2020-12-01 20:42:47,845 - INFO - started task 7_M2 of job 7 on worker 3
2020-12-01 20:42:47,862 - INFO - task 5_M1 of job 5 on worker 2 has finished executing
2020-12-01 20:42:47,863 - INFO - started task 5_R0 of job 5 on worker 3
2020-12-01 20:42:47,863 - INFO - started task 5_R1 of job 5 on worker 1
2020-12-01 20:42:48,079 - INFO - started job 8
2020-12-01 20:42:48,080 - INFO - started task 8_M0 of job 8 on worker 1
2020-12-01 20:42:48,081 - INFO - started task 8_M1 of job 8 on worker 2
2020-12-01 20:42:48,329 - INFO - task 7_M2 of job 7 on worker 3 has finished executing
2020-12-01 20:42:48,582 - INFO - started task 8_M2 of job 8 on worker 1
2020-12-01 20:42:48,583 - INFO - started job 9
2020-12-01 20:42:48,584 - INFO - started task 9_M0 of job 9 on worker 2
2020-12-01 20:42:48,733 - INFO - started job 10
2020-12-01 20:42:48,733 - INFO - started task 10_M0 of job 10 on worker 3
2020-12-01 20:42:48,764 - INFO - started job 11
2020-12-01 20:42:48,864 - INFO - task 2_R0 of job 2 on worker 2 has finished executing
2020-12-01 20:42:49,256 - INFO - task 7_M0 of job 7 on worker 1 has finished executing
2020-12-01 20:42:49,256 - INFO - task 8_M0 of job 8 on worker 1 has finished executing
2020-12-01 20:42:49,265 - INFO - started task 11_M0 of job 11 on worker 2
2020-12-01 20:42:49,332 - INFO - task 5_R0 of job 5 on worker 3 has finished executing
2020-12-01 20:42:49,767 - INFO - started task 11_M1 of job 11 on worker 1
2020-12-01 20:42:49,767 - INFO - started task 11_M2 of job 11 on worker 2
2020-12-01 20:42:49,768 - INFO - started task 11_M3 of job 11 on worker 3
2020-12-01 20:42:49,771 - INFO - started job 12
2020-12-01 20:42:49,771 - INFO - started task 12_M0 of job 12 on worker 1
2020-12-01 20:42:49,866 - INFO - task 4_R1 of job 4 on worker 2 has finished executing
2020-12-01 20:42:49,867 - INFO - task 7_M1 of job 7 on worker 2 has finished executing
2020-12-01 20:42:49,867 - INFO - started task 7_R0 of job 7 on worker 2
2020-12-01 20:42:49,867 - INFO - task 11_M0 of job 11 on worker 2 has finished executing
2020-12-01 20:42:50,367 - INFO - task 11_M2 of job 11 on worker 2 has finished executing
2020-12-01 20:42:50,869 - INFO - started task 7_R1 of job 7 on worker 2
2020-12-01 20:42:50,869 - INFO - task 4_R0 of job 4 on worker 1 has finished executing
2020-12-01 20:42:50,869 - INFO - task 11_M1 of job 11 on worker 1 has finished executing
2020-12-01 20:42:50,869 - INFO - task 6_M1 of job 6 on worker 3 has finished executing
2020-12-01 20:42:50,869 - INFO - task 10_M0 of job 10 on worker 3 has finished executing
2020-12-01 20:42:50,869 - INFO - started task 10_R0 of job 10 on worker 3
2020-12-01 20:42:50,869 - INFO - started task 10_R1 of job 10 on worker 1
2020-12-01 20:42:50,869 - INFO - task 6_M0 of job 6 on worker 2 has finished executing
2020-12-01 20:42:50,870 - INFO - started task 6_R0 of job 6 on worker 2
2020-12-01 20:42:50,870 - INFO - started task 6_R1 of job 6 on worker 3
2020-12-01 20:42:50,870 - INFO - task 8_M1 of job 8 on worker 2 has finished executing
2020-12-01 20:42:51,264 - INFO - task 5_R1 of job 5 on worker 1 has finished executing
2020-12-01 20:42:51,264 - INFO - task 8_M2 of job 8 on worker 1 has finished executing
2020-12-01 20:42:51,265 - INFO - started task 8_R0 of job 8 on worker 1
2020-12-01 20:42:51,272 - INFO - started task 12_M1 of job 12 on worker 2
2020-12-01 20:42:51,272 - INFO - started job 13
2020-12-01 20:42:51,336 - INFO - task 10_R0 of job 10 on worker 3 has finished executing
2020-12-01 20:42:51,773 - INFO - started task 13_M0 of job 13 on worker 1
2020-12-01 20:42:51,774 - INFO - started job 14
2020-12-01 20:42:51,774 - INFO - started task 14_M0 of job 14 on worker 2
2020-12-01 20:42:51,774 - INFO - started task 14_M1 of job 14 on worker 3
2020-12-01 20:42:51,775 - INFO - started task 14_M2 of job 14 on worker 1
2020-12-01 20:42:51,871 - INFO - task 9_M0 of job 9 on worker 2 has finished executing
2020-12-01 20:42:51,872 - INFO - started task 9_R0 of job 9 on worker 2
2020-12-01 20:42:51,873 - INFO - task 7_R1 of job 7 on worker 2 has finished executing
2020-12-01 20:42:51,898 - INFO - started job 15
2020-12-01 20:42:51,898 - INFO - started task 15_M0 of job 15 on worker 2
2020-12-01 20:42:52,374 - INFO - task 12_M1 of job 12 on worker 2 has finished executing
2020-12-01 20:42:52,874 - INFO - started task 9_R1 of job 9 on worker 2
2020-12-01 20:42:52,875 - INFO - task 12_M0 of job 12 on worker 1 has finished executing
2020-12-01 20:42:52,875 - INFO - task 8_R0 of job 8 on worker 1 has finished executing
2020-12-01 20:42:52,900 - INFO - started task 15_M1 of job 15 on worker 2
2020-12-01 20:42:52,900 - INFO - started job 16
2020-12-01 20:42:53,376 - INFO - started task 12_R0 of job 12 on worker 1
2020-12-01 20:42:53,376 - INFO - task 14_M1 of job 14 on worker 3 has finished executing
2020-12-01 20:42:53,377 - INFO - task 7_R0 of job 7 on worker 2 has finished executing
2020-12-01 20:42:53,377 - INFO - task 14_M0 of job 14 on worker 2 has finished executing
2020-12-01 20:42:53,377 - INFO - task 9_R0 of job 9 on worker 2 has finished executing
2020-12-01 20:42:53,377 - INFO - task 10_R1 of job 10 on worker 1 has finished executing
2020-12-01 20:42:53,378 - INFO - task 13_M0 of job 13 on worker 1 has finished executing
2020-12-01 20:42:53,378 - INFO - started task 13_R0 of job 13 on worker 2
2020-12-01 20:42:53,378 - INFO - task 11_M3 of job 11 on worker 3 has finished executing
2020-12-01 20:42:53,379 - INFO - started task 11_R0 of job 11 on worker 3
2020-12-01 20:42:53,383 - INFO - started task 11_R1 of job 11 on worker 1
2020-12-01 20:42:53,401 - INFO - started task 16_M0 of job 16 on worker 1
2020-12-01 20:42:53,401 - INFO - started task 16_M1 of job 16 on worker 2
2020-12-01 20:42:53,402 - INFO - started task 16_M2 of job 16 on worker 3
2020-12-01 20:42:53,402 - INFO - started job 17
2020-12-01 20:42:53,403 - INFO - started task 17_M0 of job 17 on worker 1
2020-12-01 20:42:53,403 - INFO - started task 17_M1 of job 17 on worker 2
2020-12-01 20:42:54,269 - INFO - task 14_M2 of job 14 on worker 1 has finished executing
2020-12-01 20:42:54,269 - INFO - task 12_R0 of job 12 on worker 1 has finished executing
2020-12-01 20:42:54,770 - INFO - task 6_R1 of job 6 on worker 3 has finished executing
2020-12-01 20:42:54,906 - INFO - started task 17_M2 of job 17 on worker 3
2020-12-01 20:42:54,906 - INFO - started job 18
2020-12-01 20:42:54,906 - INFO - started task 18_M0 of job 18 on worker 1
2020-12-01 20:42:55,271 - INFO - started task 14_R0 of job 14 on worker 1
2020-12-01 20:42:55,271 - INFO - task 6_R0 of job 6 on worker 2 has finished executing
2020-12-01 20:42:55,772 - INFO - task 9_R1 of job 9 on worker 2 has finished executing
2020-12-01 20:42:56,273 - INFO - task 16_M0 of job 16 on worker 1 has finished executing
2020-12-01 20:42:56,408 - INFO - started task 18_M1 of job 18 on worker 2
2020-12-01 20:42:56,409 - INFO - started job 19
2020-12-01 20:42:56,774 - INFO - started task 14_R1 of job 14 on worker 2
2020-12-01 20:42:56,774 - INFO - task 17_M2 of job 17 on worker 3 has finished executing
2020-12-01 20:42:56,775 - INFO - task 15_M0 of job 15 on worker 2 has finished executing
2020-12-01 20:42:56,775 - INFO - task 16_M1 of job 16 on worker 2 has finished executing
2020-12-01 20:42:56,775 - INFO - task 17_M1 of job 17 on worker 2 has finished executing
2020-12-01 20:42:56,776 - INFO - task 11_R1 of job 11 on worker 1 has finished executing
2020-12-01 20:42:56,776 - INFO - task 11_R0 of job 11 on worker 3 has finished executing
2020-12-01 20:42:56,883 - INFO - task 15_M1 of job 15 on worker 2 has finished executing
2020-12-01 20:42:56,883 - INFO - started task 15_R0 of job 15 on worker 3
2020-12-01 20:42:56,884 - INFO - started task 15_R1 of job 15 on worker 1
2020-12-01 20:42:56,884 - INFO - task 13_R0 of job 13 on worker 2 has finished executing
2020-12-01 20:42:56,910 - INFO - started task 19_M0 of job 19 on worker 1
2020-12-01 20:42:56,910 - INFO - started task 19_M1 of job 19 on worker 2
2020-12-01 20:42:56,911 - INFO - started task 19_M2 of job 19 on worker 3
2020-12-01 20:42:57,274 - INFO - task 17_M0 of job 17 on worker 1 has finished executing
2020-12-01 20:42:57,274 - INFO - started task 17_R0 of job 17 on worker 2
2020-12-01 20:42:57,274 - INFO - task 18_M0 of job 18 on worker 1 has finished executing
2020-12-01 20:42:57,275 - INFO - task 15_R1 of job 15 on worker 1 has finished executing
2020-12-01 20:42:57,344 - INFO - task 16_M2 of job 16 on worker 3 has finished executing
2020-12-01 20:42:57,345 - INFO - started task 16_R0 of job 16 on worker 3
2020-12-01 20:42:57,345 - INFO - started task 16_R1 of job 16 on worker 1
2020-12-01 20:42:57,345 - INFO - task 19_M2 of job 19 on worker 3 has finished executing
2020-12-01 20:42:57,884 - INFO - task 19_M1 of job 19 on worker 2 has finished executing
2020-12-01 20:42:58,277 - INFO - task 14_R0 of job 14 on worker 1 has finished executing
2020-12-01 20:42:58,886 - INFO - task 14_R1 of job 14 on worker 2 has finished executing
2020-12-01 20:42:59,888 - INFO - task 18_M1 of job 18 on worker 2 has finished executing
2020-12-01 20:42:59,888 - INFO - started task 18_R0 of job 18 on worker 2
2020-12-01 20:43:00,279 - INFO - task 19_M0 of job 19 on worker 1 has finished executing
2020-12-01 20:43:00,279 - INFO - started task 19_R0 of job 19 on worker 3
2020-12-01 20:43:00,280 - INFO - started task 19_R1 of job 19 on worker 1
2020-12-01 20:43:00,280 - INFO - task 16_R1 of job 16 on worker 1 has finished executing
2020-12-01 20:43:00,348 - INFO - task 15_R0 of job 15 on worker 3 has finished executing
2020-12-01 20:43:00,348 - INFO - task 16_R0 of job 16 on worker 3 has finished executing
2020-12-01 20:43:00,349 - INFO - task 19_R0 of job 19 on worker 3 has finished executing
2020-12-01 20:43:00,889 - INFO - task 17_R0 of job 17 on worker 2 has finished executing
2020-12-01 20:43:02,892 - INFO - task 18_R0 of job 18 on worker 2 has finished executing
2020-12-01 20:43:03,282 - INFO - task 19_R1 of job 19 on worker 1 has finished executing
