2020-12-01 20:28:55,210 - INFO - started job 0
2020-12-01 20:28:55,211 - INFO - started task 0_M0 of job 0 on worker 1
2020-12-01 20:28:55,211 - INFO - started task 0_M1 of job 0 on worker 3
2020-12-01 20:28:56,011 - INFO - started job 1
2020-12-01 20:28:56,012 - INFO - started task 1_M0 of job 1 on worker 3
2020-12-01 20:28:57,248 - INFO - started job 2
2020-12-01 20:28:57,248 - INFO - started task 2_M0 of job 2 on worker 1
2020-12-01 20:28:57,248 - INFO - started task 2_M1 of job 2 on worker 2
2020-12-01 20:28:57,249 - INFO - started task 2_M2 of job 2 on worker 3
2020-12-01 20:28:57,250 - INFO - started task 2_M3 of job 2 on worker 2
2020-12-01 20:28:57,295 - INFO - task 0_M0 of job 0 on worker 1 has finished executing
2020-12-01 20:28:57,592 - INFO - started job 3
2020-12-01 20:28:58,489 - INFO - task 0_M1 of job 0 on worker 3 has finished executing
2020-12-01 20:28:58,489 - INFO - started task 0_R0 of job 0 on worker 1
2020-12-01 20:28:58,489 - INFO - task 1_M0 of job 1 on worker 3 has finished executing
2020-12-01 20:28:58,489 - INFO - started task 1_R0 of job 1 on worker 3
2020-12-01 20:28:58,490 - INFO - started task 1_R1 of job 1 on worker 1
2020-12-01 20:28:58,490 - INFO - task 2_M2 of job 2 on worker 3 has finished executing
2020-12-01 20:28:58,594 - INFO - started task 3_M0 of job 3 on worker 2
2020-12-01 20:28:58,594 - INFO - started job 4
2020-12-01 20:28:58,595 - INFO - started task 4_M0 of job 4 on worker 2
2020-12-01 20:28:58,858 - INFO - task 2_M1 of job 2 on worker 2 has finished executing
2020-12-01 20:28:58,860 - INFO - task 2_M3 of job 2 on worker 2 has finished executing
2020-12-01 20:28:58,860 - INFO - task 3_M0 of job 3 on worker 2 has finished executing
2020-12-01 20:28:58,860 - INFO - started task 3_R0 of job 3 on worker 3
2020-12-01 20:28:59,297 - INFO - task 0_R0 of job 0 on worker 1 has finished executing
2020-12-01 20:29:00,299 - INFO - task 2_M0 of job 2 on worker 1 has finished executing
2020-12-01 20:29:00,300 - INFO - started task 2_R0 of job 2 on worker 1
2020-12-01 20:29:00,301 - INFO - started task 2_R1 of job 2 on worker 1
2020-12-01 20:29:00,302 - INFO - task 1_R1 of job 1 on worker 1 has finished executing
2020-12-01 20:29:00,494 - INFO - task 1_R0 of job 1 on worker 3 has finished executing
2020-12-01 20:29:00,560 - INFO - started job 5
2020-12-01 20:29:00,560 - INFO - started task 5_M0 of job 5 on worker 3
2020-12-01 20:29:00,561 - INFO - started task 5_M1 of job 5 on worker 2
2020-12-01 20:29:00,563 - INFO - started task 5_M2 of job 5 on worker 3
2020-12-01 20:29:01,064 - INFO - started task 5_M3 of job 5 on worker 2
2020-12-01 20:29:01,302 - INFO - task 2_R1 of job 2 on worker 1 has finished executing
2020-12-01 20:29:01,494 - INFO - task 3_R0 of job 3 on worker 3 has finished executing
2020-12-01 20:29:01,494 - INFO - task 5_M2 of job 5 on worker 3 has finished executing
2020-12-01 20:29:01,863 - INFO - task 4_M0 of job 4 on worker 2 has finished executing
2020-12-01 20:29:01,863 - INFO - started task 4_R0 of job 4 on worker 2
2020-12-01 20:29:01,863 - INFO - started task 4_R1 of job 4 on worker 3
2020-12-01 20:29:01,863 - INFO - task 5_M3 of job 5 on worker 2 has finished executing
2020-12-01 20:29:02,497 - INFO - task 5_M0 of job 5 on worker 3 has finished executing
2020-12-01 20:29:02,827 - INFO - started job 6
2020-12-01 20:29:02,827 - INFO - started task 6_M0 of job 6 on worker 1
2020-12-01 20:29:02,829 - INFO - started task 6_M1 of job 6 on worker 1
2020-12-01 20:29:02,865 - INFO - task 5_M1 of job 5 on worker 2 has finished executing
2020-12-01 20:29:02,866 - INFO - started task 5_R0 of job 5 on worker 3
2020-12-01 20:29:02,866 - INFO - started task 5_R1 of job 5 on worker 1
2020-12-01 20:29:02,969 - INFO - started job 7
2020-12-01 20:29:02,970 - INFO - started task 7_M0 of job 7 on worker 3
2020-12-01 20:29:02,971 - INFO - started task 7_M1 of job 7 on worker 2
2020-12-01 20:29:03,474 - INFO - started task 7_M2 of job 7 on worker 1
2020-12-01 20:29:03,474 - INFO - started job 8
2020-12-01 20:29:04,305 - INFO - task 2_R0 of job 2 on worker 1 has finished executing
2020-12-01 20:29:04,305 - INFO - task 7_M2 of job 7 on worker 1 has finished executing
2020-12-01 20:29:04,476 - INFO - started task 8_M0 of job 8 on worker 1
2020-12-01 20:29:04,499 - INFO - task 5_R0 of job 5 on worker 3 has finished executing
2020-12-01 20:29:04,499 - INFO - task 7_M0 of job 7 on worker 3 has finished executing
2020-12-01 20:29:04,977 - INFO - started task 8_M1 of job 8 on worker 1
2020-12-01 20:29:04,978 - INFO - started task 8_M2 of job 8 on worker 2
2020-12-01 20:29:04,978 - INFO - started job 9
2020-12-01 20:29:05,306 - INFO - task 6_M1 of job 6 on worker 1 has finished executing
2020-12-01 20:29:05,479 - INFO - started task 9_M0 of job 9 on worker 2
2020-12-01 20:29:05,480 - INFO - started job 10
2020-12-01 20:29:05,481 - INFO - started task 10_M0 of job 10 on worker 2
2020-12-01 20:29:05,482 - INFO - started job 11
2020-12-01 20:29:05,482 - INFO - started task 11_M0 of job 11 on worker 3
2020-12-01 20:29:05,483 - INFO - started task 11_M1 of job 11 on worker 3
2020-12-01 20:29:05,483 - INFO - started task 11_M2 of job 11 on worker 2
2020-12-01 20:29:05,501 - INFO - task 4_R1 of job 4 on worker 3 has finished executing
2020-12-01 20:29:05,501 - INFO - task 11_M0 of job 11 on worker 3 has finished executing
2020-12-01 20:29:05,502 - INFO - task 11_M1 of job 11 on worker 3 has finished executing
2020-12-01 20:29:05,869 - INFO - task 4_R0 of job 4 on worker 2 has finished executing
2020-12-01 20:29:05,869 - INFO - task 7_M1 of job 7 on worker 2 has finished executing
2020-12-01 20:29:05,869 - INFO - started task 7_R0 of job 7 on worker 2
2020-12-01 20:29:05,870 - INFO - started task 7_R1 of job 7 on worker 2
2020-12-01 20:29:05,870 - INFO - task 11_M2 of job 11 on worker 2 has finished executing
2020-12-01 20:29:05,984 - INFO - started task 11_M3 of job 11 on worker 3
2020-12-01 20:29:05,984 - INFO - started job 12
2020-12-01 20:29:05,985 - INFO - started task 12_M0 of job 12 on worker 3
2020-12-01 20:29:05,985 - INFO - started task 12_M1 of job 12 on worker 2
2020-12-01 20:29:05,985 - INFO - started job 13
2020-12-01 20:29:05,985 - INFO - started task 13_M0 of job 13 on worker 1
2020-12-01 20:29:05,985 - INFO - started job 14
2020-12-01 20:29:05,985 - INFO - started task 14_M0 of job 14 on worker 2
2020-12-01 20:29:06,311 - INFO - task 6_M0 of job 6 on worker 1 has finished executing
2020-12-01 20:29:06,312 - INFO - started task 6_R0 of job 6 on worker 1
2020-12-01 20:29:06,312 - INFO - task 5_R1 of job 5 on worker 1 has finished executing
2020-12-01 20:29:06,813 - INFO - started task 6_R1 of job 6 on worker 1
2020-12-01 20:29:06,814 - INFO - task 8_M0 of job 8 on worker 1 has finished executing
2020-12-01 20:29:06,872 - INFO - task 10_M0 of job 10 on worker 2 has finished executing
2020-12-01 20:29:06,872 - INFO - started task 10_R0 of job 10 on worker 2
2020-12-01 20:29:06,873 - INFO - started task 10_R1 of job 10 on worker 3
2020-12-01 20:29:06,873 - INFO - task 12_M1 of job 12 on worker 2 has finished executing
2020-12-01 20:29:06,987 - INFO - started task 14_M1 of job 14 on worker 2
2020-12-01 20:29:07,314 - INFO - task 8_M1 of job 8 on worker 1 has finished executing
2020-12-01 20:29:07,314 - INFO - task 13_M0 of job 13 on worker 1 has finished executing
2020-12-01 20:29:07,874 - INFO - task 8_M2 of job 8 on worker 2 has finished executing
2020-12-01 20:29:08,375 - INFO - started task 13_R0 of job 13 on worker 2
2020-12-01 20:29:08,375 - INFO - task 7_R1 of job 7 on worker 2 has finished executing
2020-12-01 20:29:08,375 - INFO - task 14_M0 of job 14 on worker 2 has finished executing
2020-12-01 20:29:08,489 - INFO - started task 14_M2 of job 14 on worker 2
2020-12-01 20:29:08,489 - INFO - started job 15
2020-12-01 20:29:08,876 - INFO - task 10_R0 of job 10 on worker 2 has finished executing
2020-12-01 20:29:08,990 - INFO - started task 15_M0 of job 15 on worker 2
2020-12-01 20:29:09,377 - INFO - started task 8_R0 of job 8 on worker 1
2020-12-01 20:29:09,377 - INFO - task 14_M1 of job 14 on worker 2 has finished executing
2020-12-01 20:29:09,378 - INFO - task 12_M0 of job 12 on worker 3 has finished executing
2020-12-01 20:29:09,378 - INFO - started task 12_R0 of job 12 on worker 2
2020-12-01 20:29:09,378 - INFO - task 9_M0 of job 9 on worker 2 has finished executing
2020-12-01 20:29:09,378 - INFO - started task 9_R0 of job 9 on worker 3
2020-12-01 20:29:09,378 - INFO - started task 9_R1 of job 9 on worker 1
2020-12-01 20:29:09,378 - INFO - task 7_R0 of job 7 on worker 2 has finished executing
2020-12-01 20:29:09,491 - INFO - started task 15_M1 of job 15 on worker 2
2020-12-01 20:29:09,491 - INFO - started job 16
2020-12-01 20:29:09,508 - INFO - task 11_M3 of job 11 on worker 3 has finished executing
2020-12-01 20:29:09,508 - INFO - started task 11_R0 of job 11 on worker 3
2020-12-01 20:29:09,508 - INFO - task 10_R1 of job 10 on worker 3 has finished executing
2020-12-01 20:29:09,992 - INFO - started task 16_M0 of job 16 on worker 1
2020-12-01 20:29:09,992 - INFO - started task 16_M1 of job 16 on worker 3
2020-12-01 20:29:09,992 - INFO - started task 16_M2 of job 16 on worker 2
2020-12-01 20:29:09,992 - INFO - started job 17
2020-12-01 20:29:10,009 - INFO - task 9_R0 of job 9 on worker 3 has finished executing
2020-12-01 20:29:10,493 - INFO - started task 17_M0 of job 17 on worker 3
2020-12-01 20:29:10,510 - INFO - task 12_R0 of job 12 on worker 2 has finished executing
2020-12-01 20:29:11,010 - INFO - task 6_R0 of job 6 on worker 1 has finished executing
2020-12-01 20:29:11,511 - INFO - task 6_R1 of job 6 on worker 1 has finished executing
2020-12-01 20:29:11,995 - INFO - started task 17_M1 of job 17 on worker 2
2020-12-01 20:29:11,995 - INFO - started task 17_M2 of job 17 on worker 2
2020-12-01 20:29:11,995 - INFO - started job 18
2020-12-01 20:29:11,996 - INFO - started task 18_M0 of job 18 on worker 1
2020-12-01 20:29:11,996 - INFO - started task 18_M1 of job 18 on worker 1
2020-12-01 20:29:11,996 - INFO - started job 19
2020-12-01 20:29:12,012 - INFO - task 8_R0 of job 8 on worker 1 has finished executing
2020-12-01 20:29:12,513 - INFO - started task 11_R1 of job 11 on worker 1
2020-12-01 20:29:12,513 - INFO - task 14_M2 of job 14 on worker 2 has finished executing
2020-12-01 20:29:12,514 - INFO - started task 14_R0 of job 14 on worker 2
2020-12-01 20:29:12,514 - INFO - task 16_M0 of job 16 on worker 1 has finished executing
2020-12-01 20:29:13,014 - INFO - started task 14_R1 of job 14 on worker 1
2020-12-01 20:29:13,015 - INFO - task 13_R0 of job 13 on worker 2 has finished executing
2020-12-01 20:29:13,015 - INFO - task 9_R1 of job 9 on worker 1 has finished executing
2020-12-01 20:29:13,015 - INFO - task 11_R0 of job 11 on worker 3 has finished executing
2020-12-01 20:29:13,015 - INFO - task 16_M1 of job 16 on worker 3 has finished executing
2020-12-01 20:29:13,015 - INFO - task 15_M0 of job 15 on worker 2 has finished executing
2020-12-01 20:29:13,015 - INFO - task 15_M1 of job 15 on worker 2 has finished executing
2020-12-01 20:29:13,015 - INFO - started task 15_R0 of job 15 on worker 1
2020-12-01 20:29:13,015 - INFO - started task 15_R1 of job 15 on worker 2
2020-12-01 20:29:13,016 - INFO - task 17_M2 of job 17 on worker 2 has finished executing
2020-12-01 20:29:13,498 - INFO - started task 19_M0 of job 19 on worker 2
2020-12-01 20:29:13,500 - INFO - started task 19_M1 of job 19 on worker 2
2020-12-01 20:29:13,514 - INFO - task 17_M0 of job 17 on worker 3 has finished executing
2020-12-01 20:29:13,885 - INFO - task 16_M2 of job 16 on worker 2 has finished executing
2020-12-01 20:29:13,886 - INFO - task 15_R1 of job 15 on worker 2 has finished executing
2020-12-01 20:29:14,001 - INFO - started task 19_M2 of job 19 on worker 3
2020-12-01 20:29:14,387 - INFO - started task 16_R0 of job 16 on worker 3
2020-12-01 20:29:14,388 - INFO - task 19_M1 of job 19 on worker 2 has finished executing
2020-12-01 20:29:14,888 - INFO - started task 16_R1 of job 16 on worker 2
2020-12-01 20:29:14,889 - INFO - task 18_M0 of job 18 on worker 1 has finished executing
2020-12-01 20:29:14,889 - INFO - task 19_M2 of job 19 on worker 3 has finished executing
2020-12-01 20:29:14,889 - INFO - task 17_M1 of job 17 on worker 2 has finished executing
2020-12-01 20:29:14,889 - INFO - started task 17_R0 of job 17 on worker 3
2020-12-01 20:29:14,889 - INFO - task 14_R0 of job 14 on worker 2 has finished executing
2020-12-01 20:29:15,323 - INFO - task 18_M1 of job 18 on worker 1 has finished executing
2020-12-01 20:29:15,324 - INFO - started task 18_R0 of job 18 on worker 3
2020-12-01 20:29:15,324 - INFO - task 11_R1 of job 11 on worker 1 has finished executing
2020-12-01 20:29:15,324 - INFO - task 14_R1 of job 14 on worker 1 has finished executing
2020-12-01 20:29:16,327 - INFO - task 15_R0 of job 15 on worker 1 has finished executing
2020-12-01 20:29:16,520 - INFO - task 16_R0 of job 16 on worker 3 has finished executing
2020-12-01 20:29:16,891 - INFO - task 19_M0 of job 19 on worker 2 has finished executing
2020-12-01 20:29:16,891 - INFO - started task 19_R0 of job 19 on worker 2
2020-12-01 20:29:16,893 - INFO - started task 19_R1 of job 19 on worker 3
2020-12-01 20:29:17,519 - INFO - task 18_R0 of job 18 on worker 3 has finished executing
2020-12-01 20:29:17,896 - INFO - task 16_R1 of job 16 on worker 2 has finished executing
2020-12-01 20:29:17,896 - INFO - task 19_R0 of job 19 on worker 2 has finished executing
2020-12-01 20:29:18,521 - INFO - task 17_R0 of job 17 on worker 3 has finished executing
2020-12-01 20:29:19,523 - INFO - task 19_R1 of job 19 on worker 3 has finished executing
