2020-12-01 20:43:27,785 - INFO - worker 3 listening on port 4002
2020-12-01 20:43:27,786 - INFO - worker 3 has started executing tasks
2020-12-01 20:43:31,750 - INFO - task 1_R1 of job 1 has been added to the task list
2020-12-01 20:43:32,792 - INFO - task 1_R1 of job 1 has finished executing
2020-12-01 20:43:36,342 - INFO - task 7_M2 of job 7 has been added to the task list
2020-12-01 20:43:36,579 - INFO - task 8_M2 of job 8 has been added to the task list
2020-12-01 20:43:36,797 - INFO - task 7_M2 of job 7 has finished executing
2020-12-01 20:43:37,220 - INFO - task 10_M0 of job 10 has been added to the task list
2020-12-01 20:43:37,252 - INFO - task 11_M0 of job 11 has been added to the task list
2020-12-01 20:43:37,799 - INFO - task 11_M0 of job 11 has finished executing
2020-12-01 20:43:38,258 - INFO - task 11_M3 of job 11 has been added to the task list
2020-12-01 20:43:38,802 - INFO - task 8_M2 of job 8 has finished executing
2020-12-01 20:43:38,803 - INFO - task 10_M0 of job 10 has finished executing
2020-12-01 20:43:38,921 - INFO - task 13_M0 of job 13 has been added to the task list
2020-12-01 20:43:39,260 - INFO - task 14_M1 of job 14 has been added to the task list
2020-12-01 20:43:39,804 - INFO - task 14_M1 of job 14 has finished executing
2020-12-01 20:43:40,806 - INFO - task 13_M0 of job 13 has finished executing
2020-12-01 20:43:41,288 - INFO - task 12_R0 of job 12 has been added to the task list
2020-12-01 20:43:41,321 - INFO - task 17_M0 of job 17 has been added to the task list
2020-12-01 20:43:41,808 - INFO - task 11_M3 of job 11 has finished executing
2020-12-01 20:43:41,809 - INFO - task 12_R0 of job 12 has finished executing
2020-12-01 20:43:41,811 - INFO - task 11_R1 of job 11 has been added to the task list
2020-12-01 20:43:41,822 - INFO - task 17_M1 of job 17 has been added to the task list
2020-12-01 20:43:44,812 - INFO - task 17_M0 of job 17 has finished executing
2020-12-01 20:43:44,813 - INFO - task 11_R1 of job 11 has finished executing
2020-12-01 20:43:44,813 - INFO - task 17_M1 of job 17 has finished executing
2020-12-01 20:43:45,299 - INFO - task 16_R1 of job 16 has been added to the task list
2020-12-01 20:43:47,815 - INFO - task 16_R1 of job 16 has finished executing
