2020-12-01 20:43:26,740 - INFO - worker 1 listening on port 4000
2020-12-01 20:43:26,740 - INFO - worker 1 has started executing tasks
2020-12-01 20:43:29,376 - INFO - task 1_M0 of job 1 has been added to the task list
2020-12-01 20:43:30,612 - INFO - task 2_M1 of job 2 has been added to the task list
2020-12-01 20:43:30,613 - INFO - task 2_M3 of job 2 has been added to the task list
2020-12-01 20:43:31,747 - INFO - task 1_M0 of job 1 has finished executing
2020-12-01 20:43:31,749 - INFO - task 2_M1 of job 2 has finished executing
2020-12-01 20:43:31,750 - INFO - task 2_M3 of job 2 has finished executing
2020-12-01 20:43:31,752 - INFO - task 1_R0 of job 1 has been added to the task list
2020-12-01 20:43:32,268 - INFO - task 0_R0 of job 0 has been added to the task list
2020-12-01 20:43:32,753 - INFO - task 0_R0 of job 0 has finished executing
2020-12-01 20:43:33,757 - INFO - task 1_R0 of job 1 has finished executing
2020-12-01 20:43:33,923 - INFO - task 5_M0 of job 5 has been added to the task list
2020-12-01 20:43:33,928 - INFO - task 5_M1 of job 5 has been added to the task list
2020-12-01 20:43:33,930 - INFO - task 5_M3 of job 5 has been added to the task list
2020-12-01 20:43:34,759 - INFO - task 5_M3 of job 5 has finished executing
2020-12-01 20:43:35,762 - INFO - task 5_M0 of job 5 has finished executing
2020-12-01 20:43:36,197 - INFO - task 6_M0 of job 6 has been added to the task list
2020-12-01 20:43:36,342 - INFO - task 7_M0 of job 7 has been added to the task list
2020-12-01 20:43:36,578 - INFO - task 8_M0 of job 8 has been added to the task list
2020-12-01 20:43:36,637 - INFO - task 9_M0 of job 9 has been added to the task list
2020-12-01 20:43:36,763 - INFO - task 5_M1 of job 5 has finished executing
2020-12-01 20:43:36,766 - INFO - task 5_R0 of job 5 has been added to the task list
2020-12-01 20:43:37,764 - INFO - task 7_M0 of job 7 has finished executing
2020-12-01 20:43:37,766 - INFO - task 8_M0 of job 8 has finished executing
2020-12-01 20:43:38,255 - INFO - task 11_M1 of job 11 has been added to the task list
2020-12-01 20:43:38,257 - INFO - task 11_M2 of job 11 has been added to the task list
2020-12-01 20:43:38,768 - INFO - task 5_R0 of job 5 has finished executing
2020-12-01 20:43:38,770 - INFO - task 11_M1 of job 11 has finished executing
2020-12-01 20:43:38,771 - INFO - task 11_M2 of job 11 has finished executing
2020-12-01 20:43:38,805 - INFO - task 10_R0 of job 10 has been added to the task list
2020-12-01 20:43:38,806 - INFO - task 10_R1 of job 10 has been added to the task list
2020-12-01 20:43:39,257 - INFO - task 14_M0 of job 14 has been added to the task list
2020-12-01 20:43:39,773 - INFO - task 6_M0 of job 6 has finished executing
2020-12-01 20:43:39,774 - INFO - task 9_M0 of job 9 has finished executing
2020-12-01 20:43:39,775 - INFO - task 10_R0 of job 10 has finished executing
2020-12-01 20:43:39,776 - INFO - task 6_R0 of job 6 has been added to the task list
2020-12-01 20:43:39,779 - INFO - task 9_R0 of job 9 has been added to the task list
2020-12-01 20:43:40,280 - INFO - task 9_R1 of job 9 has been added to the task list
2020-12-01 20:43:40,776 - INFO - task 14_M0 of job 14 has finished executing
2020-12-01 20:43:40,776 - INFO - task 9_R0 of job 9 has finished executing
2020-12-01 20:43:40,808 - INFO - task 13_R0 of job 13 has been added to the task list
2020-12-01 20:43:41,288 - INFO - task 16_M1 of job 16 has been added to the task list
2020-12-01 20:43:41,778 - INFO - task 10_R1 of job 10 has finished executing
2020-12-01 20:43:41,810 - INFO - task 11_R0 of job 11 has been added to the task list
2020-12-01 20:43:42,779 - INFO - task 9_R1 of job 9 has finished executing
2020-12-01 20:43:42,824 - INFO - task 17_M2 of job 17 has been added to the task list
2020-12-01 20:43:43,780 - INFO - task 6_R0 of job 6 has finished executing
2020-12-01 20:43:43,781 - INFO - task 16_M1 of job 16 has finished executing
2020-12-01 20:43:43,781 - INFO - task 17_M2 of job 17 has finished executing
2020-12-01 20:43:43,827 - INFO - task 19_M0 of job 19 has been added to the task list
2020-12-01 20:43:43,828 - INFO - task 19_M1 of job 19 has been added to the task list
2020-12-01 20:43:43,830 - INFO - task 19_M2 of job 19 has been added to the task list
2020-12-01 20:43:44,783 - INFO - task 13_R0 of job 13 has finished executing
2020-12-01 20:43:44,785 - INFO - task 11_R0 of job 11 has finished executing
2020-12-01 20:43:44,786 - INFO - task 19_M1 of job 19 has finished executing
2020-12-01 20:43:44,786 - INFO - task 19_M2 of job 19 has finished executing
2020-12-01 20:43:44,815 - INFO - task 17_R0 of job 17 has been added to the task list
2020-12-01 20:43:45,298 - INFO - task 16_R0 of job 16 has been added to the task list
2020-12-01 20:43:47,788 - INFO - task 19_M0 of job 19 has finished executing
2020-12-01 20:43:47,789 - INFO - task 16_R0 of job 16 has finished executing
2020-12-01 20:43:48,790 - INFO - task 17_R0 of job 17 has finished executing
