2021-03-24 11:51:18,699 - INFO - started job 0
2021-03-24 11:51:18,700 - INFO - started task 0_M0 of job 0 on worker 1
2021-03-24 11:51:18,700 - INFO - started task 0_M1 of job 0 on worker 3
2021-03-24 11:51:19,504 - INFO - started job 1
2021-03-24 11:51:19,505 - INFO - started task 1_M0 of job 1 on worker 3
2021-03-24 11:51:20,744 - INFO - started job 2
2021-03-24 11:51:20,745 - INFO - started task 2_M0 of job 2 on worker 1
2021-03-24 11:51:20,746 - INFO - started task 2_M1 of job 2 on worker 2
2021-03-24 11:51:20,746 - INFO - started task 2_M2 of job 2 on worker 3
2021-03-24 11:51:20,749 - INFO - started task 2_M3 of job 2 on worker 2
2021-03-24 11:51:21,091 - INFO - started job 3
2021-03-24 11:51:21,292 - INFO - started task 3_M0 of job 3 on worker 1
2021-03-24 11:51:21,814 - INFO - started job 4
2021-03-24 11:51:21,915 - INFO - started task 4_M0 of job 4 on worker 1
2021-03-24 11:51:22,390 - INFO - task 0_M0 of job 0 on worker 1 has finished executing
2021-03-24 11:51:22,391 - INFO - task 3_M0 of job 3 on worker 1 has finished executing
2021-03-24 11:51:22,392 - INFO - started task 3_R0 of job 3 on worker 2
2021-03-24 11:51:23,358 - INFO - task 2_M1 of job 2 on worker 2 has finished executing
2021-03-24 11:51:23,359 - INFO - task 2_M3 of job 2 on worker 2 has finished executing
2021-03-24 11:51:23,478 - INFO - task 0_M1 of job 0 on worker 3 has finished executing
2021-03-24 11:51:23,479 - INFO - started task 0_R0 of job 0 on worker 2
2021-03-24 11:51:23,479 - INFO - task 1_M0 of job 1 on worker 3 has finished executing
2021-03-24 11:51:23,480 - INFO - started task 1_R0 of job 1 on worker 3
2021-03-24 11:51:23,480 - INFO - started task 1_R1 of job 1 on worker 1
2021-03-24 11:51:23,480 - INFO - task 2_M2 of job 2 on worker 3 has finished executing
2021-03-24 11:51:24,050 - INFO - started job 5
2021-03-24 11:51:24,050 - INFO - started task 5_M0 of job 5 on worker 1
2021-03-24 11:51:24,051 - INFO - started task 5_M1 of job 5 on worker 3
2021-03-24 11:51:24,051 - INFO - started task 5_M2 of job 5 on worker 2
2021-03-24 11:51:24,053 - INFO - started task 5_M3 of job 5 on worker 3
2021-03-24 11:51:25,362 - INFO - task 0_R0 of job 0 on worker 2 has finished executing
2021-03-24 11:51:25,363 - INFO - task 5_M2 of job 5 on worker 2 has finished executing
2021-03-24 11:51:25,396 - INFO - task 2_M0 of job 2 on worker 1 has finished executing
2021-03-24 11:51:25,497 - INFO - task 5_M3 of job 5 on worker 3 has finished executing
2021-03-24 11:51:25,497 - INFO - started task 2_R0 of job 2 on worker 2
2021-03-24 11:51:25,498 - INFO - started task 2_R1 of job 2 on worker 2
2021-03-24 11:51:26,326 - INFO - started job 6
2021-03-24 11:51:26,327 - INFO - started task 6_M0 of job 6 on worker 3
2021-03-24 11:51:26,327 - INFO - started task 6_M1 of job 6 on worker 1
2021-03-24 11:51:26,366 - INFO - task 3_R0 of job 3 on worker 2 has finished executing
2021-03-24 11:51:26,399 - INFO - task 4_M0 of job 4 on worker 1 has finished executing
2021-03-24 11:51:26,399 - INFO - started task 4_R0 of job 4 on worker 1
2021-03-24 11:51:26,470 - INFO - started job 7
2021-03-24 11:51:26,470 - INFO - started task 7_M0 of job 7 on worker 1
2021-03-24 11:51:26,500 - INFO - task 1_R1 of job 1 on worker 1 has finished executing
2021-03-24 11:51:26,500 - INFO - started task 4_R1 of job 4 on worker 2
2021-03-24 11:51:26,501 - INFO - task 5_M0 of job 5 on worker 1 has finished executing
2021-03-24 11:51:26,501 - INFO - task 1_R0 of job 1 on worker 3 has finished executing
2021-03-24 11:51:26,571 - INFO - started task 7_M1 of job 7 on worker 3
2021-03-24 11:51:26,572 - INFO - started task 7_M2 of job 7 on worker 1
2021-03-24 11:51:26,704 - INFO - started job 8
2021-03-24 11:51:26,808 - INFO - started task 8_M0 of job 8 on worker 1
2021-03-24 11:51:27,109 - INFO - started task 8_M1 of job 8 on worker 2
2021-03-24 11:51:27,210 - INFO - started task 8_M2 of job 8 on worker 2
2021-03-24 11:51:27,211 - INFO - started job 9
2021-03-24 11:51:27,212 - INFO - started task 9_M0 of job 9 on worker 2
2021-03-24 11:51:27,369 - INFO - task 2_R1 of job 2 on worker 2 has finished executing
2021-03-24 11:51:27,488 - INFO - task 5_M1 of job 5 on worker 3 has finished executing
2021-03-24 11:51:27,489 - INFO - started task 5_R0 of job 5 on worker 3
2021-03-24 11:51:28,405 - INFO - task 7_M2 of job 7 on worker 1 has finished executing
2021-03-24 11:51:28,406 - INFO - started task 5_R1 of job 5 on worker 2
2021-03-24 11:51:29,408 - INFO - task 6_M1 of job 6 on worker 1 has finished executing
2021-03-24 11:51:29,408 - INFO - task 7_M0 of job 7 on worker 1 has finished executing
2021-03-24 11:51:29,410 - INFO - task 8_M0 of job 8 on worker 1 has finished executing
2021-03-24 11:51:30,372 - INFO - task 2_R0 of job 2 on worker 2 has finished executing
2021-03-24 11:51:30,373 - INFO - task 8_M1 of job 8 on worker 2 has finished executing
2021-03-24 11:51:30,374 - INFO - task 8_M2 of job 8 on worker 2 has finished executing
2021-03-24 11:51:30,492 - INFO - task 6_M0 of job 6 on worker 3 has finished executing
2021-03-24 11:51:30,492 - INFO - started task 8_R0 of job 8 on worker 2
2021-03-24 11:51:30,492 - INFO - task 7_M1 of job 7 on worker 3 has finished executing
2021-03-24 11:51:30,492 - INFO - started task 6_R0 of job 6 on worker 2
2021-03-24 11:51:30,493 - INFO - started task 6_R1 of job 6 on worker 3
2021-03-24 11:51:30,493 - INFO - started task 7_R0 of job 7 on worker 3
2021-03-24 11:51:30,493 - INFO - started task 7_R1 of job 7 on worker 2
2021-03-24 11:51:30,493 - INFO - task 5_R0 of job 5 on worker 3 has finished executing
2021-03-24 11:51:31,377 - INFO - task 4_R1 of job 4 on worker 2 has finished executing
2021-03-24 11:51:31,378 - INFO - task 9_M0 of job 9 on worker 2 has finished executing
2021-03-24 11:51:31,379 - INFO - started task 9_R0 of job 9 on worker 1
2021-03-24 11:51:31,379 - INFO - started task 9_R1 of job 9 on worker 2
2021-03-24 11:51:31,414 - INFO - task 4_R0 of job 4 on worker 1 has finished executing
2021-03-24 11:51:32,381 - INFO - task 8_R0 of job 8 on worker 2 has finished executing
2021-03-24 11:51:32,416 - INFO - task 9_R0 of job 9 on worker 1 has finished executing
2021-03-24 11:51:33,384 - INFO - task 5_R1 of job 5 on worker 2 has finished executing
2021-03-24 11:51:33,385 - INFO - task 7_R1 of job 7 on worker 2 has finished executing
2021-03-24 11:51:34,498 - INFO - task 7_R0 of job 7 on worker 3 has finished executing
2021-03-24 11:51:35,388 - INFO - task 6_R0 of job 6 on worker 2 has finished executing
2021-03-24 11:51:35,389 - INFO - task 9_R1 of job 9 on worker 2 has finished executing
2021-03-24 11:51:35,499 - INFO - task 6_R1 of job 6 on worker 3 has finished executing
