2021-03-20 20:12:07,306 - INFO - started job 0
2021-03-20 20:12:07,307 - INFO - started task 0_M0 of job 0 on worker 2
2021-03-20 20:12:07,307 - INFO - started task 0_M1 of job 0 on worker 2
2021-03-20 20:12:08,110 - INFO - started job 1
2021-03-20 20:12:08,110 - INFO - started task 1_M0 of job 1 on worker 1
2021-03-20 20:12:09,348 - INFO - started job 2
2021-03-20 20:12:09,348 - INFO - started task 2_M0 of job 2 on worker 2
2021-03-20 20:12:09,349 - INFO - started task 2_M1 of job 2 on worker 1
2021-03-20 20:12:09,350 - INFO - started task 2_M2 of job 2 on worker 2
2021-03-20 20:12:09,350 - INFO - started task 2_M3 of job 2 on worker 1
2021-03-20 20:12:09,693 - INFO - started job 3
2021-03-20 20:12:09,694 - INFO - started task 3_M0 of job 3 on worker 2
2021-03-20 20:12:10,415 - INFO - started job 4
2021-03-20 20:12:10,415 - INFO - started task 4_M0 of job 4 on worker 3
2021-03-20 20:12:11,162 - INFO - task 0_M0 of job 0 on worker 2 has finished executing
2021-03-20 20:12:11,163 - INFO - task 3_M0 of job 3 on worker 2 has finished executing
2021-03-20 20:12:11,163 - INFO - started task 3_R0 of job 3 on worker 2
2021-03-20 20:12:11,339 - INFO - task 1_M0 of job 1 on worker 1 has finished executing
2021-03-20 20:12:11,339 - INFO - started task 1_R0 of job 1 on worker 1
2021-03-20 20:12:11,340 - INFO - started task 1_R1 of job 1 on worker 2
2021-03-20 20:12:12,164 - INFO - task 0_M1 of job 0 on worker 2 has finished executing
2021-03-20 20:12:12,165 - INFO - started task 0_R0 of job 0 on worker 2
2021-03-20 20:12:12,165 - INFO - task 2_M2 of job 2 on worker 2 has finished executing
2021-03-20 20:12:12,341 - INFO - task 2_M1 of job 2 on worker 1 has finished executing
2021-03-20 20:12:12,341 - INFO - task 2_M3 of job 2 on worker 1 has finished executing
2021-03-20 20:12:12,657 - INFO - started job 5
2021-03-20 20:12:12,657 - INFO - started task 5_M0 of job 5 on worker 1
2021-03-20 20:12:12,660 - INFO - started task 5_M1 of job 5 on worker 1
2021-03-20 20:12:12,660 - INFO - started task 5_M2 of job 5 on worker 2
2021-03-20 20:12:12,662 - INFO - started task 5_M3 of job 5 on worker 1
2021-03-20 20:12:14,170 - INFO - task 2_M0 of job 2 on worker 2 has finished executing
2021-03-20 20:12:14,170 - INFO - started task 2_R0 of job 2 on worker 2
2021-03-20 20:12:14,173 - INFO - started task 2_R1 of job 2 on worker 2
2021-03-20 20:12:14,174 - INFO - task 1_R1 of job 1 on worker 2 has finished executing
2021-03-20 20:12:14,175 - INFO - task 0_R0 of job 0 on worker 2 has finished executing
2021-03-20 20:12:14,175 - INFO - task 5_M2 of job 5 on worker 2 has finished executing
2021-03-20 20:12:14,344 - INFO - task 1_R0 of job 1 on worker 1 has finished executing
2021-03-20 20:12:14,345 - INFO - task 5_M3 of job 5 on worker 1 has finished executing
2021-03-20 20:12:14,656 - INFO - task 4_M0 of job 4 on worker 3 has finished executing
2021-03-20 20:12:14,656 - INFO - started task 4_R0 of job 4 on worker 2
2021-03-20 20:12:14,659 - INFO - started task 4_R1 of job 4 on worker 1
2021-03-20 20:12:14,928 - INFO - started job 6
2021-03-20 20:12:14,928 - INFO - started task 6_M0 of job 6 on worker 2
2021-03-20 20:12:14,929 - INFO - started task 6_M1 of job 6 on worker 3
2021-03-20 20:12:15,072 - INFO - started job 7
2021-03-20 20:12:15,073 - INFO - started task 7_M0 of job 7 on worker 1
2021-03-20 20:12:15,074 - INFO - started task 7_M1 of job 7 on worker 2
2021-03-20 20:12:15,075 - INFO - started task 7_M2 of job 7 on worker 3
2021-03-20 20:12:15,172 - INFO - task 3_R0 of job 3 on worker 2 has finished executing
2021-03-20 20:12:15,306 - INFO - started job 8
2021-03-20 20:12:15,307 - INFO - started task 8_M0 of job 8 on worker 2
2021-03-20 20:12:15,307 - INFO - started task 8_M1 of job 8 on worker 1
2021-03-20 20:12:15,313 - INFO - started task 8_M2 of job 8 on worker 2
2021-03-20 20:12:15,347 - INFO - task 5_M0 of job 5 on worker 1 has finished executing
2021-03-20 20:12:15,368 - INFO - started job 9
2021-03-20 20:12:15,368 - INFO - started task 9_M0 of job 9 on worker 1
2021-03-20 20:12:16,174 - INFO - task 2_R1 of job 2 on worker 2 has finished executing
2021-03-20 20:12:16,349 - INFO - task 5_M1 of job 5 on worker 1 has finished executing
2021-03-20 20:12:16,350 - INFO - started task 5_R0 of job 5 on worker 1
2021-03-20 20:12:16,350 - INFO - started task 5_R1 of job 5 on worker 2
2021-03-20 20:12:16,657 - INFO - task 7_M2 of job 7 on worker 3 has finished executing
2021-03-20 20:12:17,351 - INFO - task 7_M0 of job 7 on worker 1 has finished executing
2021-03-20 20:12:18,177 - INFO - task 7_M1 of job 7 on worker 2 has finished executing
2021-03-20 20:12:18,177 - INFO - started task 7_R0 of job 7 on worker 3
2021-03-20 20:12:18,178 - INFO - started task 7_R1 of job 7 on worker 1
2021-03-20 20:12:18,178 - INFO - task 8_M0 of job 8 on worker 2 has finished executing
2021-03-20 20:12:18,353 - INFO - task 8_M1 of job 8 on worker 1 has finished executing
2021-03-20 20:12:18,660 - INFO - task 6_M1 of job 6 on worker 3 has finished executing
2021-03-20 20:12:19,179 - INFO - task 2_R0 of job 2 on worker 2 has finished executing
2021-03-20 20:12:19,180 - INFO - task 4_R0 of job 4 on worker 2 has finished executing
2021-03-20 20:12:19,180 - INFO - task 6_M0 of job 6 on worker 2 has finished executing
2021-03-20 20:12:19,181 - INFO - started task 6_R0 of job 6 on worker 2
2021-03-20 20:12:19,182 - INFO - started task 6_R1 of job 6 on worker 2
2021-03-20 20:12:19,182 - INFO - task 8_M2 of job 8 on worker 2 has finished executing
2021-03-20 20:12:19,184 - INFO - started task 8_R0 of job 8 on worker 2
2021-03-20 20:12:19,355 - INFO - task 4_R1 of job 4 on worker 1 has finished executing
2021-03-20 20:12:19,355 - INFO - task 5_R0 of job 5 on worker 1 has finished executing
2021-03-20 20:12:20,357 - INFO - task 9_M0 of job 9 on worker 1 has finished executing
2021-03-20 20:12:20,357 - INFO - started task 9_R0 of job 9 on worker 1
2021-03-20 20:12:20,358 - INFO - started task 9_R1 of job 9 on worker 1
2021-03-20 20:12:20,359 - INFO - task 7_R1 of job 7 on worker 1 has finished executing
2021-03-20 20:12:21,184 - INFO - task 5_R1 of job 5 on worker 2 has finished executing
2021-03-20 20:12:21,184 - INFO - task 8_R0 of job 8 on worker 2 has finished executing
2021-03-20 20:12:21,664 - INFO - task 7_R0 of job 7 on worker 3 has finished executing
2021-03-20 20:12:22,361 - INFO - task 9_R0 of job 9 on worker 1 has finished executing
2021-03-20 20:12:24,189 - INFO - task 6_R0 of job 6 on worker 2 has finished executing
2021-03-20 20:12:24,189 - INFO - task 6_R1 of job 6 on worker 2 has finished executing
2021-03-20 20:12:24,363 - INFO - task 9_R1 of job 9 on worker 1 has finished executing
