2021-03-24 11:52:24,270 - INFO - started job 0
2021-03-24 11:52:24,271 - INFO - started task 0_M0 of job 0 on worker 1
2021-03-24 11:52:24,272 - INFO - started task 0_M1 of job 0 on worker 2
2021-03-24 11:52:25,078 - INFO - started job 1
2021-03-24 11:52:25,079 - INFO - started task 1_M0 of job 1 on worker 3
2021-03-24 11:52:26,319 - INFO - started job 2
2021-03-24 11:52:26,319 - INFO - started task 2_M0 of job 2 on worker 1
2021-03-24 11:52:26,320 - INFO - started task 2_M1 of job 2 on worker 2
2021-03-24 11:52:26,320 - INFO - started task 2_M2 of job 2 on worker 3
2021-03-24 11:52:26,321 - INFO - started task 2_M3 of job 2 on worker 1
2021-03-24 11:52:26,666 - INFO - started job 3
2021-03-24 11:52:26,666 - INFO - started task 3_M0 of job 3 on worker 2
2021-03-24 11:52:27,388 - INFO - started job 4
2021-03-24 11:52:27,389 - INFO - started task 4_M0 of job 4 on worker 3
2021-03-24 11:52:27,856 - INFO - task 3_M0 of job 3 on worker 2 has finished executing
2021-03-24 11:52:27,856 - INFO - started task 3_R0 of job 3 on worker 1
2021-03-24 11:52:27,857 - INFO - task 0_M0 of job 0 on worker 1 has finished executing
2021-03-24 11:52:28,858 - INFO - task 2_M3 of job 2 on worker 1 has finished executing
2021-03-24 11:52:28,859 - INFO - task 0_M1 of job 0 on worker 2 has finished executing
2021-03-24 11:52:28,859 - INFO - started task 0_R0 of job 0 on worker 2
2021-03-24 11:52:28,860 - INFO - task 2_M1 of job 2 on worker 2 has finished executing
2021-03-24 11:52:28,882 - INFO - task 1_M0 of job 1 on worker 3 has finished executing
2021-03-24 11:52:28,882 - INFO - started task 1_R0 of job 1 on worker 3
2021-03-24 11:52:28,883 - INFO - started task 1_R1 of job 1 on worker 1
2021-03-24 11:52:28,883 - INFO - task 2_M2 of job 2 on worker 3 has finished executing
2021-03-24 11:52:29,625 - INFO - started job 5
2021-03-24 11:52:29,626 - INFO - started task 5_M0 of job 5 on worker 1
2021-03-24 11:52:29,627 - INFO - started task 5_M1 of job 5 on worker 2
2021-03-24 11:52:29,627 - INFO - started task 5_M2 of job 5 on worker 3
2021-03-24 11:52:29,628 - INFO - started task 5_M3 of job 5 on worker 1
2021-03-24 11:52:30,862 - INFO - task 2_M0 of job 2 on worker 1 has finished executing
2021-03-24 11:52:30,863 - INFO - started task 2_R0 of job 2 on worker 2
2021-03-24 11:52:30,963 - INFO - task 0_R0 of job 0 on worker 2 has finished executing
2021-03-24 11:52:30,964 - INFO - started task 2_R1 of job 2 on worker 1
2021-03-24 11:52:30,965 - INFO - task 5_M3 of job 5 on worker 1 has finished executing
2021-03-24 11:52:30,965 - INFO - task 5_M2 of job 5 on worker 3 has finished executing
2021-03-24 11:52:31,866 - INFO - task 3_R0 of job 3 on worker 1 has finished executing
2021-03-24 11:52:31,867 - INFO - task 1_R1 of job 1 on worker 1 has finished executing
2021-03-24 11:52:31,869 - INFO - task 5_M0 of job 5 on worker 1 has finished executing
2021-03-24 11:52:31,888 - INFO - task 4_M0 of job 4 on worker 3 has finished executing
2021-03-24 11:52:31,889 - INFO - started task 4_R0 of job 4 on worker 2
2021-03-24 11:52:31,890 - INFO - started task 4_R1 of job 4 on worker 3
2021-03-24 11:52:31,890 - INFO - task 1_R0 of job 1 on worker 3 has finished executing
2021-03-24 11:52:31,902 - INFO - started job 6
2021-03-24 11:52:31,903 - INFO - started task 6_M0 of job 6 on worker 2
2021-03-24 11:52:31,905 - INFO - started task 6_M1 of job 6 on worker 3
2021-03-24 11:52:32,046 - INFO - started job 7
2021-03-24 11:52:32,046 - INFO - started task 7_M0 of job 7 on worker 1
2021-03-24 11:52:32,047 - INFO - started task 7_M1 of job 7 on worker 2
2021-03-24 11:52:32,047 - INFO - started task 7_M2 of job 7 on worker 3
2021-03-24 11:52:32,288 - INFO - started job 8
2021-03-24 11:52:32,288 - INFO - started task 8_M0 of job 8 on worker 1
2021-03-24 11:52:32,289 - INFO - started task 8_M1 of job 8 on worker 2
2021-03-24 11:52:32,389 - INFO - started task 8_M2 of job 8 on worker 1
2021-03-24 11:52:32,390 - INFO - started job 9
2021-03-24 11:52:32,390 - INFO - started task 9_M0 of job 9 on worker 2
2021-03-24 11:52:32,867 - INFO - task 5_M1 of job 5 on worker 2 has finished executing
2021-03-24 11:52:32,867 - INFO - started task 5_R0 of job 5 on worker 1
2021-03-24 11:52:32,868 - INFO - started task 5_R1 of job 5 on worker 2
2021-03-24 11:52:32,871 - INFO - task 2_R1 of job 2 on worker 1 has finished executing
2021-03-24 11:52:33,893 - INFO - task 7_M2 of job 7 on worker 3 has finished executing
2021-03-24 11:52:34,874 - INFO - task 7_M0 of job 7 on worker 1 has finished executing
2021-03-24 11:52:34,875 - INFO - task 8_M0 of job 8 on worker 1 has finished executing
2021-03-24 11:52:34,876 - INFO - task 5_R0 of job 5 on worker 1 has finished executing
2021-03-24 11:52:35,871 - INFO - task 2_R0 of job 2 on worker 2 has finished executing
2021-03-24 11:52:35,872 - INFO - task 7_M1 of job 7 on worker 2 has finished executing
2021-03-24 11:52:35,873 - INFO - started task 7_R0 of job 7 on worker 3
2021-03-24 11:52:35,874 - INFO - started task 7_R1 of job 7 on worker 1
2021-03-24 11:52:35,874 - INFO - task 8_M1 of job 8 on worker 2 has finished executing
2021-03-24 11:52:35,878 - INFO - task 8_M2 of job 8 on worker 1 has finished executing
2021-03-24 11:52:35,878 - INFO - started task 8_R0 of job 8 on worker 2
2021-03-24 11:52:35,896 - INFO - task 6_M1 of job 6 on worker 3 has finished executing
2021-03-24 11:52:36,875 - INFO - task 4_R0 of job 4 on worker 2 has finished executing
2021-03-24 11:52:36,877 - INFO - task 6_M0 of job 6 on worker 2 has finished executing
2021-03-24 11:52:36,878 - INFO - started task 6_R0 of job 6 on worker 3
2021-03-24 11:52:36,879 - INFO - started task 6_R1 of job 6 on worker 1
2021-03-24 11:52:36,879 - INFO - task 9_M0 of job 9 on worker 2 has finished executing
2021-03-24 11:52:36,881 - INFO - started task 9_R0 of job 9 on worker 2
2021-03-24 11:52:36,981 - INFO - task 4_R1 of job 4 on worker 3 has finished executing
2021-03-24 11:52:36,981 - INFO - started task 9_R1 of job 9 on worker 1
2021-03-24 11:52:37,881 - INFO - task 5_R1 of job 5 on worker 2 has finished executing
2021-03-24 11:52:37,882 - INFO - task 7_R1 of job 7 on worker 1 has finished executing
2021-03-24 11:52:37,882 - INFO - task 8_R0 of job 8 on worker 2 has finished executing
2021-03-24 11:52:38,884 - INFO - task 9_R0 of job 9 on worker 2 has finished executing
2021-03-24 11:52:38,902 - INFO - task 7_R0 of job 7 on worker 3 has finished executing
2021-03-24 11:52:40,884 - INFO - task 9_R1 of job 9 on worker 1 has finished executing
2021-03-24 11:52:40,905 - INFO - task 6_R0 of job 6 on worker 3 has finished executing
2021-03-24 11:52:41,886 - INFO - task 6_R1 of job 6 on worker 1 has finished executing
