2021-03-24 11:52:22,845 - INFO - worker 2 listening on port 4001
2021-03-24 11:52:22,849 - INFO - worker 2 has started executing tasks
2021-03-24 11:52:24,273 - INFO - task 0_M1 of job 0 has been added to the task list
2021-03-24 11:52:26,320 - INFO - task 2_M1 of job 2 has been added to the task list
2021-03-24 11:52:26,666 - INFO - task 3_M0 of job 3 has been added to the task list
2021-03-24 11:52:27,854 - INFO - task 3_M0 of job 3 has finished executing
2021-03-24 11:52:28,857 - INFO - task 0_M1 of job 0 has finished executing
2021-03-24 11:52:28,858 - INFO - task 2_M1 of job 2 has finished executing
2021-03-24 11:52:28,860 - INFO - task 0_R0 of job 0 has been added to the task list
2021-03-24 11:52:29,627 - INFO - task 5_M1 of job 5 has been added to the task list
2021-03-24 11:52:30,862 - INFO - task 0_R0 of job 0 has finished executing
2021-03-24 11:52:30,863 - INFO - task 2_R0 of job 2 has been added to the task list
2021-03-24 11:52:31,892 - INFO - task 4_R0 of job 4 has been added to the task list
2021-03-24 11:52:31,904 - INFO - task 6_M0 of job 6 has been added to the task list
2021-03-24 11:52:32,049 - INFO - task 7_M1 of job 7 has been added to the task list
2021-03-24 11:52:32,289 - INFO - task 8_M1 of job 8 has been added to the task list
2021-03-24 11:52:32,390 - INFO - task 9_M0 of job 9 has been added to the task list
2021-03-24 11:52:32,865 - INFO - task 5_M1 of job 5 has finished executing
2021-03-24 11:52:32,868 - INFO - task 5_R1 of job 5 has been added to the task list
2021-03-24 11:52:35,869 - INFO - task 2_R0 of job 2 has finished executing
2021-03-24 11:52:35,871 - INFO - task 7_M1 of job 7 has finished executing
2021-03-24 11:52:35,872 - INFO - task 8_M1 of job 8 has finished executing
2021-03-24 11:52:35,879 - INFO - task 8_R0 of job 8 has been added to the task list
2021-03-24 11:52:36,874 - INFO - task 4_R0 of job 4 has finished executing
2021-03-24 11:52:36,875 - INFO - task 6_M0 of job 6 has finished executing
2021-03-24 11:52:36,877 - INFO - task 9_M0 of job 9 has finished executing
2021-03-24 11:52:36,880 - INFO - task 9_R0 of job 9 has been added to the task list
2021-03-24 11:52:37,879 - INFO - task 5_R1 of job 5 has finished executing
2021-03-24 11:52:37,880 - INFO - task 8_R0 of job 8 has finished executing
2021-03-24 11:52:38,882 - INFO - task 9_R0 of job 9 has finished executing
