2021-03-24 11:52:22,848 - INFO - worker 1 listening on port 4000
2021-03-24 11:52:22,849 - INFO - worker 1 has started executing tasks
2021-03-24 11:52:24,271 - INFO - task 0_M0 of job 0 has been added to the task list
2021-03-24 11:52:26,319 - INFO - task 2_M0 of job 2 has been added to the task list
2021-03-24 11:52:26,321 - INFO - task 2_M3 of job 2 has been added to the task list
2021-03-24 11:52:27,854 - INFO - task 0_M0 of job 0 has finished executing
2021-03-24 11:52:27,856 - INFO - task 3_R0 of job 3 has been added to the task list
2021-03-24 11:52:28,857 - INFO - task 2_M3 of job 2 has finished executing
2021-03-24 11:52:28,883 - INFO - task 1_R1 of job 1 has been added to the task list
2021-03-24 11:52:29,626 - INFO - task 5_M0 of job 5 has been added to the task list
2021-03-24 11:52:29,628 - INFO - task 5_M3 of job 5 has been added to the task list
2021-03-24 11:52:30,860 - INFO - task 2_M0 of job 2 has finished executing
2021-03-24 11:52:30,862 - INFO - task 5_M3 of job 5 has finished executing
2021-03-24 11:52:30,964 - INFO - task 2_R1 of job 2 has been added to the task list
2021-03-24 11:52:31,864 - INFO - task 3_R0 of job 3 has finished executing
2021-03-24 11:52:31,866 - INFO - task 1_R1 of job 1 has finished executing
2021-03-24 11:52:31,867 - INFO - task 5_M0 of job 5 has finished executing
2021-03-24 11:52:32,048 - INFO - task 7_M0 of job 7 has been added to the task list
2021-03-24 11:52:32,289 - INFO - task 8_M0 of job 8 has been added to the task list
2021-03-24 11:52:32,390 - INFO - task 8_M2 of job 8 has been added to the task list
2021-03-24 11:52:32,868 - INFO - task 5_R0 of job 5 has been added to the task list
2021-03-24 11:52:32,870 - INFO - task 2_R1 of job 2 has finished executing
2021-03-24 11:52:34,873 - INFO - task 7_M0 of job 7 has finished executing
2021-03-24 11:52:34,873 - INFO - task 8_M0 of job 8 has finished executing
2021-03-24 11:52:34,874 - INFO - task 5_R0 of job 5 has finished executing
2021-03-24 11:52:35,874 - INFO - task 7_R1 of job 7 has been added to the task list
2021-03-24 11:52:35,877 - INFO - task 8_M2 of job 8 has finished executing
2021-03-24 11:52:36,879 - INFO - task 6_R1 of job 6 has been added to the task list
2021-03-24 11:52:36,982 - INFO - task 9_R1 of job 9 has been added to the task list
2021-03-24 11:52:37,879 - INFO - task 7_R1 of job 7 has finished executing
2021-03-24 11:52:40,883 - INFO - task 9_R1 of job 9 has finished executing
2021-03-24 11:52:41,885 - INFO - task 6_R1 of job 6 has finished executing
